<?xml version="1.0" encoding="UTF-8"?>
<!-- Generated by org.testng.reporters.JUnitXMLReporter -->
<testsuite ignored="1" hostname="DESKTOP-URSJHU8" failures="0" tests="3" name="allTest" time="185.186" errors="0" timestamp="2023-07-31T14:59:46 IST">
  <testcase classname="Testcase.TC_001_AccountRegistrationTest" name="Test_Account_Registration" time="15.456"/>
  <testcase classname="Testcase.TC_002_HomePageTest" name="test_logo" time="0.21"/>
  <testcase classname="Testcase.TC_003_LoginTest" name="logintest" time="17.496"/>
  <testcase classname="Testcase.TC_002_HomePageTest" name="test_title" time="0.0">
    <ignored/>
  </testcase> <!-- test_title -->
</testsuite> <!-- allTest -->
