<?xml version="1.0" encoding="UTF-8"?>
<!-- Generated by org.testng.reporters.JUnitXMLReporter -->
<testsuite ignored="0" hostname="DESKTOP-URSJHU8" failures="0" tests="4" name="Test" time="62.277" errors="0" timestamp="2023-07-31T15:28:49 IST">
  <testcase classname="Testcase.TC_005_LoginDDTTest" name="test_loginddt" time="10.64"/>
  <testcase classname="Testcase.TC_005_LoginDDTTest" name="test_loginddt" time="5.824"/>
  <testcase classname="Testcase.TC_005_LoginDDTTest" name="test_loginddt" time="4.058"/>
  <testcase classname="Testcase.TC_005_LoginDDTTest" name="test_loginddt" time="8.089"/>
</testsuite> <!-- Test -->
