<?xml version="1.0" encoding="UTF-8"?>
<!-- Generated by org.testng.reporters.JUnitXMLReporter -->
<testsuite ignored="0" hostname="DESKTOP-URSJHU8" failures="0" tests="5" name="allTest" time="64.101" errors="0" timestamp="2023-08-22T11:40:14 IST">
  <testcase classname="Testcase.TC_001_AccountRegistrationTest" name="Test_Account_Registration" time="8.218"/>
  <testcase classname="Testcase.TC_002_HomePageTest" name="test_logo" time="0.106"/>
  <testcase classname="Testcase.TC_002_HomePageTest" name="test_title" time="0.024"/>
  <testcase classname="Testcase.TC_003_LoginTest" name="logintest" time="5.892"/>
  <testcase classname="Testcase.TC_004_SearchResultTest" name="test_productpresent" time="4.675"/>
</testsuite> <!-- allTest -->
