<?xml version="1.0" encoding="UTF-8"?>
<testng-results ignored="0" total="5" passed="5" failed="0" skipped="0">
  <reporter-output>
  </reporter-output>
  <suite started-at="2023-08-22T11:39:09 IST" name="Suite" finished-at="2023-08-22T11:40:13 IST" duration-ms="64101">
    <groups>
      <group name="regression">
        <method signature="TC_001_AccountRegistrationTest.Test_Account_Registration()[pri:0, instance:Testcase.TC_001_AccountRegistrationTest@409bf450]" name="Test_Account_Registration" class="Testcase.TC_001_AccountRegistrationTest"/>
        <method signature="TC_004_SearchResultTest.test_productpresent()[pri:1, instance:Testcase.TC_004_SearchResultTest@145f66e3]" name="test_productpresent" class="Testcase.TC_004_SearchResultTest"/>
        <method signature="TC_002_HomePageTest.test_title()[pri:2, instance:Testcase.TC_002_HomePageTest@799f10e1]" name="test_title" class="Testcase.TC_002_HomePageTest"/>
      </group> <!-- regression -->
      <group name="sanity">
        <method signature="TC_001_AccountRegistrationTest.Test_Account_Registration()[pri:0, instance:Testcase.TC_001_AccountRegistrationTest@409bf450]" name="Test_Account_Registration" class="Testcase.TC_001_AccountRegistrationTest"/>
        <method signature="TC_002_HomePageTest.test_logo()[pri:1, instance:Testcase.TC_002_HomePageTest@799f10e1]" name="test_logo" class="Testcase.TC_002_HomePageTest"/>
        <method signature="TC_003_LoginTest.logintest()[pri:1, instance:Testcase.TC_003_LoginTest@4c371370]" name="logintest" class="Testcase.TC_003_LoginTest"/>
      </group> <!-- sanity -->
    </groups>
    <test started-at="2023-08-22T11:39:09 IST" name="allTest" finished-at="2023-08-22T11:40:13 IST" duration-ms="64101">
      <class name="Testcase.TC_002_HomePageTest">
        <test-method is-config="true" signature="setup(java.lang.String)[pri:0, instance:Testcase.TC_002_HomePageTest@799f10e1]" started-at="2023-08-22T11:39:32 IST" name="setup" finished-at="2023-08-22T11:39:40 IST" duration-ms="8059" status="PASS">
          <params>
            <param index="0">
              <value>
                <![CDATA[chrome]]>
              </value>
            </param>
          </params>
          <reporter-output>
          </reporter-output>
        </test-method> <!-- setup -->
        <test-method signature="test_logo()[pri:1, instance:Testcase.TC_002_HomePageTest@799f10e1]" started-at="2023-08-22T11:39:40 IST" name="test_logo" finished-at="2023-08-22T11:39:40 IST" duration-ms="106" status="PASS">
          <reporter-output>
          </reporter-output>
        </test-method> <!-- test_logo -->
        <test-method signature="test_title()[pri:2, instance:Testcase.TC_002_HomePageTest@799f10e1]" started-at="2023-08-22T11:39:40 IST" name="test_title" finished-at="2023-08-22T11:39:40 IST" duration-ms="24" status="PASS">
          <reporter-output>
          </reporter-output>
        </test-method> <!-- test_title -->
        <test-method is-config="true" signature="teardown()[pri:0, instance:Testcase.TC_002_HomePageTest@799f10e1]" started-at="2023-08-22T11:39:40 IST" name="teardown" finished-at="2023-08-22T11:39:40 IST" duration-ms="421" status="PASS">
          <reporter-output>
          </reporter-output>
        </test-method> <!-- teardown -->
      </class> <!-- Testcase.TC_002_HomePageTest -->
      <class name="Testcase.TC_003_LoginTest">
        <test-method is-config="true" signature="setup(java.lang.String)[pri:0, instance:Testcase.TC_003_LoginTest@4c371370]" started-at="2023-08-22T11:39:40 IST" name="setup" finished-at="2023-08-22T11:39:49 IST" duration-ms="8345" status="PASS">
          <params>
            <param index="0">
              <value>
                <![CDATA[chrome]]>
              </value>
            </param>
          </params>
          <reporter-output>
          </reporter-output>
        </test-method> <!-- setup -->
        <test-method signature="logintest()[pri:1, instance:Testcase.TC_003_LoginTest@4c371370]" started-at="2023-08-22T11:39:49 IST" name="logintest" finished-at="2023-08-22T11:39:55 IST" duration-ms="5892" status="PASS">
          <reporter-output>
          </reporter-output>
        </test-method> <!-- logintest -->
        <test-method is-config="true" signature="teardown()[pri:0, instance:Testcase.TC_003_LoginTest@4c371370]" started-at="2023-08-22T11:39:55 IST" name="teardown" finished-at="2023-08-22T11:39:55 IST" duration-ms="442" status="PASS">
          <reporter-output>
          </reporter-output>
        </test-method> <!-- teardown -->
      </class> <!-- Testcase.TC_003_LoginTest -->
      <class name="Testcase.TC_001_AccountRegistrationTest">
        <test-method is-config="true" signature="setup(java.lang.String)[pri:0, instance:Testcase.TC_001_AccountRegistrationTest@409bf450]" started-at="2023-08-22T11:39:10 IST" name="setup" finished-at="2023-08-22T11:39:23 IST" duration-ms="13154" status="PASS">
          <params>
            <param index="0">
              <value>
                <![CDATA[chrome]]>
              </value>
            </param>
          </params>
          <reporter-output>
          </reporter-output>
        </test-method> <!-- setup -->
        <test-method signature="Test_Account_Registration()[pri:0, instance:Testcase.TC_001_AccountRegistrationTest@409bf450]" started-at="2023-08-22T11:39:23 IST" name="Test_Account_Registration" finished-at="2023-08-22T11:39:31 IST" duration-ms="8218" status="PASS">
          <reporter-output>
          </reporter-output>
        </test-method> <!-- Test_Account_Registration -->
        <test-method is-config="true" signature="teardown()[pri:0, instance:Testcase.TC_001_AccountRegistrationTest@409bf450]" started-at="2023-08-22T11:39:31 IST" name="teardown" finished-at="2023-08-22T11:39:32 IST" duration-ms="580" status="PASS">
          <reporter-output>
          </reporter-output>
        </test-method> <!-- teardown -->
      </class> <!-- Testcase.TC_001_AccountRegistrationTest -->
      <class name="Testcase.TC_004_SearchResultTest">
        <test-method is-config="true" signature="setup(java.lang.String)[pri:0, instance:Testcase.TC_004_SearchResultTest@145f66e3]" started-at="2023-08-22T11:39:55 IST" name="setup" finished-at="2023-08-22T11:40:08 IST" duration-ms="13209" status="PASS">
          <params>
            <param index="0">
              <value>
                <![CDATA[chrome]]>
              </value>
            </param>
          </params>
          <reporter-output>
          </reporter-output>
        </test-method> <!-- setup -->
        <test-method signature="test_productpresent()[pri:1, instance:Testcase.TC_004_SearchResultTest@145f66e3]" started-at="2023-08-22T11:40:08 IST" name="test_productpresent" finished-at="2023-08-22T11:40:13 IST" duration-ms="4675" status="PASS">
          <reporter-output>
          </reporter-output>
        </test-method> <!-- test_productpresent -->
        <test-method is-config="true" signature="teardown()[pri:0, instance:Testcase.TC_004_SearchResultTest@145f66e3]" started-at="2023-08-22T11:40:13 IST" name="teardown" finished-at="2023-08-22T11:40:13 IST" duration-ms="361" status="PASS">
          <reporter-output>
          </reporter-output>
        </test-method> <!-- teardown -->
      </class> <!-- Testcase.TC_004_SearchResultTest -->
    </test> <!-- allTest -->
  </suite> <!-- Suite -->
</testng-results>
