<?xml version="1.0" encoding="UTF-8"?>
<testng-results ignored="0" total="4" passed="4" failed="0" skipped="0">
  <reporter-output>
  </reporter-output>
  <suite started-at="2023-07-31T15:27:45 IST" name="Suite" finished-at="2023-07-31T15:28:48 IST" duration-ms="62277">
    <groups>
    </groups>
    <test started-at="2023-07-31T15:27:45 IST" name="Test" finished-at="2023-07-31T15:28:48 IST" duration-ms="62277">
      <class name="Testcase.TC_005_LoginDDTTest">
        <test-method is-config="true" signature="setup(java.lang.String)[pri:0, instance:Testcase.TC_005_LoginDDTTest@3d285d7e]" started-at="2023-07-31T15:27:46 IST" name="setup" finished-at="2023-07-31T15:28:14 IST" duration-ms="27751" status="PASS">
          <params>
            <param index="0">
              <value>
                <![CDATA[chrome]]>
              </value>
            </param>
          </params>
          <reporter-output>
          </reporter-output>
        </test-method> <!-- setup -->
        <test-method signature="test_loginddt(java.lang.String,java.lang.String,java.lang.String)[pri:0, instance:Testcase.TC_005_LoginDDTTest@3d285d7e]" started-at="2023-07-31T15:28:18 IST" name="test_loginddt" data-provider="loginData" finished-at="2023-07-31T15:28:29 IST" duration-ms="10640" status="PASS">
          <params>
            <param index="0">
              <value>
                <![CDATA[abc12@gmail.com]]>
              </value>
            </param>
            <param index="1">
              <value>
                <![CDATA[abc@123]]>
              </value>
            </param>
            <param index="2">
              <value>
                <![CDATA[valid]]>
              </value>
            </param>
          </params>
          <reporter-output>
          </reporter-output>
        </test-method> <!-- test_loginddt -->
        <test-method signature="test_loginddt(java.lang.String,java.lang.String,java.lang.String)[pri:0, instance:Testcase.TC_005_LoginDDTTest@3d285d7e]" started-at="2023-07-31T15:28:29 IST" name="test_loginddt" data-provider="loginData" finished-at="2023-07-31T15:28:35 IST" duration-ms="5824" status="PASS">
          <params>
            <param index="0">
              <value>
                <![CDATA[cvf12@gmail.com]]>
              </value>
            </param>
            <param index="1">
              <value>
                <![CDATA[Vfjjh@123]]>
              </value>
            </param>
            <param index="2">
              <value>
                <![CDATA[invalid]]>
              </value>
            </param>
          </params>
          <reporter-output>
          </reporter-output>
        </test-method> <!-- test_loginddt -->
        <test-method signature="test_loginddt(java.lang.String,java.lang.String,java.lang.String)[pri:0, instance:Testcase.TC_005_LoginDDTTest@3d285d7e]" started-at="2023-07-31T15:28:35 IST" name="test_loginddt" data-provider="loginData" finished-at="2023-07-31T15:28:39 IST" duration-ms="4058" status="PASS">
          <params>
            <param index="0">
              <value>
                <![CDATA[fhgn12@gmail.com]]>
              </value>
            </param>
            <param index="1">
              <value>
                <![CDATA[fggh@123]]>
              </value>
            </param>
            <param index="2">
              <value>
                <![CDATA[invalid]]>
              </value>
            </param>
          </params>
          <reporter-output>
          </reporter-output>
        </test-method> <!-- test_loginddt -->
        <test-method signature="test_loginddt(java.lang.String,java.lang.String,java.lang.String)[pri:0, instance:Testcase.TC_005_LoginDDTTest@3d285d7e]" started-at="2023-07-31T15:28:39 IST" name="test_loginddt" data-provider="loginData" finished-at="2023-07-31T15:28:47 IST" duration-ms="8089" status="PASS">
          <params>
            <param index="0">
              <value>
                <![CDATA[hemanth12@gmail.com]]>
              </value>
            </param>
            <param index="1">
              <value>
                <![CDATA[Hemanth@123]]>
              </value>
            </param>
            <param index="2">
              <value>
                <![CDATA[valid]]>
              </value>
            </param>
          </params>
          <reporter-output>
          </reporter-output>
        </test-method> <!-- test_loginddt -->
        <test-method is-config="true" signature="teardown()[pri:0, instance:Testcase.TC_005_LoginDDTTest@3d285d7e]" started-at="2023-07-31T15:28:47 IST" name="teardown" finished-at="2023-07-31T15:28:48 IST" duration-ms="710" status="PASS">
          <reporter-output>
          </reporter-output>
        </test-method> <!-- teardown -->
      </class> <!-- Testcase.TC_005_LoginDDTTest -->
    </test> <!-- Test -->
  </suite> <!-- Suite -->
</testng-results>
